1681249265054	geckodriver	INFO	Listening on 127.0.0.1:39437

Command '/usr/bin/firefox' requires the firefox snap to be installed.
Please install it with:

snap install firefox

1681249265566	mozrunner::runner	INFO	Running command: MOZ_CRASHREPORTER="1" MOZ_CRASHREPORTER_NO_REPORT="1" MOZ_CRASHREPORTER_SHUTDOWN="1" MOZ_NO_REMOTE="1" "/usr ... te" "--remote-debugging-port" "47187" "--remote-allow-hosts" "localhost" "-no-remote" "-profile" "/tmp/rust_mozprofileGVDwHm"

Command '/usr/bin/firefox' requires the firefox snap to be installed.
Please install it with:

snap install firefox

1681249306066	geckodriver	INFO	Listening on 127.0.0.1:46447

Command '/usr/bin/firefox' requires the firefox snap to be installed.
Please install it with:

snap install firefox

1681249306577	mozrunner::runner	INFO	Running command: MOZ_CRASHREPORTER="1" MOZ_CRASHREPORTER_NO_REPORT="1" MOZ_CRASHREPORTER_SHUTDOWN="1" MOZ_NO_REMOTE="1" "/usr ... te" "--remote-debugging-port" "43559" "--remote-allow-hosts" "localhost" "-no-remote" "-profile" "/tmp/rust_mozprofilefjckbK"

Command '/usr/bin/firefox' requires the firefox snap to be installed.
Please install it with:

snap install firefox

1681249449844	geckodriver	INFO	Listening on 127.0.0.1:39231

Command '/usr/bin/firefox' requires the firefox snap to be installed.
Please install it with:

snap install firefox

1681249450356	mozrunner::runner	INFO	Running command: MOZ_CRASHREPORTER="1" MOZ_CRASHREPORTER_NO_REPORT="1" MOZ_CRASHREPORTER_SHUTDOWN="1" MOZ_NO_REMOTE="1" "/usr ... te" "--remote-debugging-port" "53717" "--remote-allow-hosts" "localhost" "-no-remote" "-profile" "/tmp/rust_mozprofilePuMvS5"

Command '/usr/bin/firefox' requires the firefox snap to be installed.
Please install it with:

snap install firefox

1681249912971	geckodriver	INFO	Listening on 127.0.0.1:49807

Command '/usr/bin/firefox' requires the firefox snap to be installed.
Please install it with:

snap install firefox

1681249913485	mozrunner::runner	INFO	Running command: MOZ_CRASHREPORTER="1" MOZ_CRASHREPORTER_NO_REPORT="1" MOZ_CRASHREPORTER_SHUTDOWN="1" MOZ_NO_REMOTE="1" "/usr ... ss" "--remote-debugging-port" "39735" "--remote-allow-hosts" "localhost" "-no-remote" "-profile" "/tmp/rust_mozprofile9davMv"

Command '/usr/bin/firefox' requires the firefox snap to be installed.
Please install it with:

snap install firefox

